[35m[1mScanning dependencies of target ElevatorMovement[0m
[ 50%] [32mBuilding CXX object CMakeFiles/ElevatorMovement.dir/src/ElevatorMovement.cpp.o[0m
[01m[K/home/fri/Documents/ElevatorProject_sbkzrr/FRI_Elevator_Project/catkin_ws/src/elevator_movement/src/ElevatorMovement.cpp:[m[K In function â€˜[01m[Kvoid elevatorDoorClassificationCallback(const ConstPtr&)[m[Kâ€™:
[01m[K/home/fri/Documents/ElevatorProject_sbkzrr/FRI_Elevator_Project/catkin_ws/src/elevator_movement/src/ElevatorMovement.cpp:114:62:[m[K [01;31m[Kerror: [m[Kvoid value not ignored as it ought to be
  114 |         uint64_t oldest_status = [01;31m[Kprevious_classifications.pop()[m[K;
      |                                  [01;31m[K~~~~~~~~~~~~~~~~~~~~~~~~~~~~^~[m[K
[01m[K/home/fri/Documents/ElevatorProject_sbkzrr/FRI_Elevator_Project/catkin_ws/src/elevator_movement/src/ElevatorMovement.cpp:[m[K In function â€˜[01m[Kvoid elevatorDoorOpenFromInsideCallback(const ConstPtr&)[m[Kâ€™:
[01m[K/home/fri/Documents/ElevatorProject_sbkzrr/FRI_Elevator_Project/catkin_ws/src/elevator_movement/src/ElevatorMovement.cpp:175:65:[m[K [01;31m[Kerror: [m[Kvoid value not ignored as it ought to be
  175 |         uint64_t oldest_status = [01;31m[Kprevious_inside_predictions.pop()[m[K;
      |                                  [01;31m[K~~~~~~~~~~~~~~~~~~~~~~~~~~~~~~~^~[m[K
make[2]: *** [CMakeFiles/ElevatorMovement.dir/build.make:63: CMakeFiles/ElevatorMovement.dir/src/ElevatorMovement.cpp.o] Error 1
make[1]: *** [CMakeFiles/Makefile2:175: CMakeFiles/ElevatorMovement.dir/all] Error 2
make: *** [Makefile:141: all] Error 2
